# JRE version: 7.0_05-b05
# Java VM: Java HotSpot(TM) 64-Bit Server VM (23.1-b03 mixed mode windows-amd64 compressed oops)
Heap
 PSYoungGen      total 137088K, used 39936K [0x00000000f5560000, 0x0000000000000000, 0x0000000000000000)
  eden space 101888K, 17% used [0x00000000f5560000,0x00000000f66b2708,0x00000000fb8e0000)
  from space 35200K, 63% used [0x00000000fdda0000,0x00000000ff34daa0,0x0000000000000000)
  to   space 36416K, 0% used [0x00000000fb8e0000,0x00000000fb8e0000,0x00000000fdc70000)
 ParOldGen       total 321728K, used 163961K [0x00000000e0000000, 0x00000000f3a30000, 0x00000000f5560000)
  object space 321728K, 50% used [0x00000000e0000000,0x00000000ea01e710,0x00000000f3a30000)
 PSPermGen       total 44992K, used 30713K [0x00000000dae00000, 0x00000000dd9f0000, 0x00000000e0000000)
  object space 44992K, 68% used [0x00000000dae00000,0x00000000dcbfe750,0x00000000dd9f0000)
GC Heap History (10 events):
Event: 38.121 GC heap before
{Heap before GC invocations=66 (full 4):
 PSYoungGen      total 135872K, used 135830K [0x00000000f5560000, 0x0000000000000000, 0x0000000000000000)
  eden space 116480K, 100% used [0x00000000f5560000,0x00000000fc720000,0x00000000fc720000)
  from space 19392K, 99% used [0x00000000fc720000,0x00000000fda05aa0,0x00000000fda10000)
  to   space 31104K, 0% used [0x00000000fe1a0000,0x00000000fe1a0000,0x0000000000000000)
 ParOldGen       total 321728K, used 163897K [0x00000000e0000000, 0x00000000f3a30000, 0x00000000f5560000)
  object space 321728K, 50% used [0x00000000e0000000,0x00000000ea00e710,0x00000000f3a30000)
 PSPermGen       total 44992K, used 30448K [0x00000000dae00000, 0x00000000dd9f0000, 0x00000000e0000000)
  object space 44992K, 67% used [0x00000000dae00000,0x00000000dcbbc3e8,0x00000000dd9f0000)
Event: 38.213 GC heap after
Heap after GC invocations=66 (full 4):
 PSYoungGen      total 140544K, used 19286K [0x00000000f5560000, 0x0000000000000000, 0x0000000000000000)
  eden space 109440K, 0% used [0x00000000f5560000,0x00000000f5560000,0x00000000fc040000)
  from space 31104K, 62% used [0x00000000fe1a0000,0x00000000ff475aa0,0x0000000000000000)
  to   space 32640K, 0% used [0x00000000fc040000,0x00000000fc040000,0x00000000fe020000)
 ParOldGen       total 321728K, used 163897K [0x00000000e0000000, 0x00000000f3a30000, 0x00000000f5560000)
  object space 321728K, 50% used [0x00000000e0000000,0x00000000ea00e710,0x00000000f3a30000)
 PSPermGen       total 44992K, used 30448K [0x00000000dae00000, 0x00000000dd9f0000, 0x00000000e0000000)
  object space 44992K, 67% used [0x00000000dae00000,0x00000000dcbbc3e8,0x00000000dd9f0000)
}
Event: 38.879 GC heap before
{Heap before GC invocations=67 (full 4):
 PSYoungGen      total 140544K, used 128726K [0x00000000f5560000, 0x0000000000000000, 0x0000000000000000)
  eden space 109440K, 100% used [0x00000000f5560000,0x00000000fc040000,0x00000000fc040000)
  from space 31104K, 62% used [0x00000000fe1a0000,0x00000000ff475aa0,0x0000000000000000)
  to   space 32640K, 0% used [0x00000000fc040000,0x00000000fc040000,0x00000000fe020000)
 ParOldGen       total 321728K, used 163897K [0x00000000e0000000, 0x00000000f3a30000, 0x00000000f5560000)
  object space 321728K, 50% used [0x00000000e0000000,0x00000000ea00e710,0x00000000f3a30000)
 PSPermGen       total 44992K, used 30448K [0x00000000dae00000, 0x00000000dd9f0000, 0x00000000e0000000)
  object space 44992K, 67% used [0x00000000dae00000,0x00000000dcbbc3e8,0x00000000dd9f0000)
Event: 38.893 GC heap after
Heap after GC invocations=67 (full 4):
 PSYoungGen      total 128704K, used 19206K [0x00000000f5560000, 0x0000000000000000, 0x0000000000000000)
  eden space 109440K, 0% used [0x00000000f5560000,0x00000000f5560000,0x00000000fc040000)
  from space 19264K, 99% used [0x00000000fc040000,0x00000000fd301a90,0x00000000fd310000)
  to   space 33664K, 0% used [0x00000000fdf20000,0x00000000fdf20000,0x0000000000000000)
 ParOldGen       total 321728K, used 163929K [0x00000000e0000000, 0x00000000f3a30000, 0x00000000f5560000)
  object space 321728K, 50% used [0x00000000e0000000,0x00000000ea016710,0x00000000f3a30000)
 PSPermGen       total 44992K, used 30448K [0x00000000dae00000, 0x00000000dd9f0000, 0x00000000e0000000)
  object space 44992K, 67% used [0x00000000dae00000,0x00000000dcbbc3e8,0x00000000dd9f0000)
}
Event: 39.931 GC heap before
{Heap before GC invocations=68 (full 4):
 PSYoungGen      total 128704K, used 128646K [0x00000000f5560000, 0x0000000000000000, 0x0000000000000000)
  eden space 109440K, 100% used [0x00000000f5560000,0x00000000fc040000,0x00000000fc040000)
  from space 19264K, 99% used [0x00000000fc040000,0x00000000fd301a90,0x00000000fd310000)
  to   space 33664K, 0% used [0x00000000fdf20000,0x00000000fdf20000,0x0000000000000000)
 ParOldGen       total 321728K, used 163929K [0x00000000e0000000, 0x00000000f3a30000, 0x00000000f5560000)
  object space 321728K, 50% used [0x00000000e0000000,0x00000000ea016710,0x00000000f3a30000)
 PSPermGen       total 44992K, used 30502K [0x00000000dae00000, 0x00000000dd9f0000, 0x00000000e0000000)
  object space 44992K, 67% used [0x00000000dae00000,0x00000000dcbc99e0,0x00000000dd9f0000)
Event: 40.149 GC heap after
Heap after GC invocations=68 (full 4):
 PSYoungGen      total 139264K, used 19766K [0x00000000f5560000, 0x0000000000000000, 0x0000000000000000)
  eden space 105600K, 0% used [0x00000000f5560000,0x00000000f5560000,0x00000000fbc80000)
  from space 33664K, 58% used [0x00000000fdf20000,0x00000000ff26dab0,0x0000000000000000)
  to   space 34560K, 0% used [0x00000000fbc80000,0x00000000fbc80000,0x00000000fde40000)
 ParOldGen       total 321728K, used 163929K [0x00000000e0000000, 0x00000000f3a30000, 0x00000000f5560000)
  object space 321728K, 50% used [0x00000000e0000000,0x00000000ea016710,0x00000000f3a30000)
 PSPermGen       total 44992K, used 30502K [0x00000000dae00000, 0x00000000dd9f0000, 0x00000000e0000000)
  object space 44992K, 67% used [0x00000000dae00000,0x00000000dcbc99e0,0x00000000dd9f0000)
}
Event: 41.052 GC heap before
{Heap before GC invocations=69 (full 4):
 PSYoungGen      total 139264K, used 125366K [0x00000000f5560000, 0x0000000000000000, 0x0000000000000000)
  eden space 105600K, 100% used [0x00000000f5560000,0x00000000fbc80000,0x00000000fbc80000)
  from space 33664K, 58% used [0x00000000fdf20000,0x00000000ff26dab0,0x0000000000000000)
  to   space 34560K, 0% used [0x00000000fbc80000,0x00000000fbc80000,0x00000000fde40000)
 ParOldGen       total 321728K, used 163929K [0x00000000e0000000, 0x00000000f3a30000, 0x00000000f5560000)
  object space 321728K, 50% used [0x00000000e0000000,0x00000000ea016710,0x00000000f3a30000)
 PSPermGen       total 44992K, used 30509K [0x00000000dae00000, 0x00000000dd9f0000, 0x00000000e0000000)
  object space 44992K, 67% used [0x00000000dae00000,0x00000000dcbcb458,0x00000000dd9f0000)
Event: 41.069 GC heap after
Heap after GC invocations=69 (full 4):
 PSYoungGen      total 125568K, used 19910K [0x00000000f5560000, 0x0000000000000000, 0x0000000000000000)
  eden space 105600K, 0% used [0x00000000f5560000,0x00000000f5560000,0x00000000fbc80000)
  from space 19968K, 99% used [0x00000000fbc80000,0x00000000fcff1a90,0x00000000fd000000)
  to   space 35200K, 0% used [0x00000000fdda0000,0x00000000fdda0000,0x0000000000000000)
 ParOldGen       total 321728K, used 163953K [0x00000000e0000000, 0x00000000f3a30000, 0x00000000f5560000)
  object space 321728K, 50% used [0x00000000e0000000,0x00000000ea01c710,0x00000000f3a30000)
 PSPermGen       total 44992K, used 30509K [0x00000000dae00000, 0x00000000dd9f0000, 0x00000000e0000000)
  object space 44992K, 67% used [0x00000000dae00000,0x00000000dcbcb458,0x00000000dd9f0000)
}
Event: 42.767 GC heap before
{Heap before GC invocations=70 (full 4):
 PSYoungGen      total 125568K, used 125510K [0x00000000f5560000, 0x0000000000000000, 0x0000000000000000)
  eden space 105600K, 100% used [0x00000000f5560000,0x00000000fbc80000,0x00000000fbc80000)
  from space 19968K, 99% used [0x00000000fbc80000,0x00000000fcff1a90,0x00000000fd000000)
  to   space 35200K, 0% used [0x00000000fdda0000,0x00000000fdda0000,0x0000000000000000)
 ParOldGen       total 321728K, used 163953K [0x00000000e0000000, 0x00000000f3a30000, 0x00000000f5560000)
  object space 321728K, 50% used [0x00000000e0000000,0x00000000ea01c710,0x00000000f3a30000)
 PSPermGen       total 44992K, used 30681K [0x00000000dae00000, 0x00000000dd9f0000, 0x00000000e0000000)
  object space 44992K, 68% used [0x00000000dae00000,0x00000000dcbf6440,0x00000000dd9f0000)
Event: 43.030 GC heap after
Heap after GC invocations=70 (full 4):
 PSYoungGen      total 137088K, used 22198K [0x00000000f5560000, 0x0000000000000000, 0x0000000000000000)
  eden space 101888K, 0% used [0x00000000f5560000,0x00000000f5560000,0x00000000fb8e0000)
  from space 35200K, 63% used [0x00000000fdda0000,0x00000000ff34daa0,0x0000000000000000)
  to   space 36416K, 0% used [0x00000000fb8e0000,0x00000000fb8e0000,0x00000000fdc70000)
 ParOldGen       total 321728K, used 163961K [0x00000000e0000000, 0x00000000f3a30000, 0x00000000f5560000)
  object space 321728K, 50% used [0x00000000e0000000,0x00000000ea01e710,0x00000000f3a30000)
 PSPermGen       total 44992K, used 30681K [0x00000000dae00000, 0x00000000dd9f0000, 0x00000000e0000000)
  object space 44992K, 68% used [0x00000000dae00000,0x00000000dcbf6440,0x00000000dd9f0000)
}

