# JRE version: 7.0_05-b05
# Java VM: Java HotSpot(TM) 64-Bit Server VM (23.1-b03 mixed mode windows-amd64 compressed oops)
Heap
 PSYoungGen      total 150912K, used 114019K [0x00000000f5560000, 0x0000000000000000, 0x0000000000000000)
  eden space 127424K, 86% used [0x00000000f5560000,0x00000000fc074998,0x00000000fd1d0000)
  from space 23488K, 18% used [0x00000000fe760000,0x00000000feba44f0,0x00000000ffe50000)
  to   space 22080K, 0% used [0x00000000fd1d0000,0x00000000fd1d0000,0x00000000fe760000)
 ParOldGen       total 86144K, used 46327K [0x00000000e0000000, 0x00000000e5420000, 0x00000000f5560000)
  object space 86144K, 53% used [0x00000000e0000000,0x00000000e2d3dcb8,0x00000000e5420000)
 PSPermGen       total 21248K, used 9294K [0x00000000dae00000, 0x00000000dc2c0000, 0x00000000e0000000)
  object space 21248K, 43% used [0x00000000dae00000,0x00000000db713ab0,0x00000000dc2c0000)
GC Heap History (10 events):
Event: 14.578 GC heap before
{Heap before GC invocations=10 (full 0):
 PSYoungGen      total 125632K, used 125632K [0x00000000f5560000, 0x0000000000000000, 0x0000000000000000)
  eden space 125440K, 100% used [0x00000000f5560000,0x00000000fcfe0000,0x00000000fcfe0000)
  from space 192K, 100% used [0x00000000fcfe0000,0x00000000fd010000,0x00000000fd010000)
  to   space 24832K, 0% used [0x00000000fe7c0000,0x00000000fe7c0000,0x0000000000000000)
 ParOldGen       total 86144K, used 46167K [0x00000000e0000000, 0x00000000e5420000, 0x00000000f5560000)
  object space 86144K, 53% used [0x00000000e0000000,0x00000000e2d15ca8,0x00000000e5420000)
 PSPermGen       total 21248K, used 8180K [0x00000000dae00000, 0x00000000dc2c0000, 0x00000000e0000000)
  object space 21248K, 38% used [0x00000000dae00000,0x00000000db5fd320,0x00000000dc2c0000)
Event: 14.613 GC heap after
Heap after GC invocations=10 (full 0):
 PSYoungGen      total 149888K, used 32K [0x00000000f5560000, 0x0000000000000000, 0x0000000000000000)
  eden space 125056K, 0% used [0x00000000f5560000,0x00000000f5560000,0x00000000fcf80000)
  from space 24832K, 0% used [0x00000000fe7c0000,0x00000000fe7c8000,0x0000000000000000)
  to   space 24832K, 0% used [0x00000000fcf80000,0x00000000fcf80000,0x00000000fe7c0000)
 ParOldGen       total 86144K, used 46303K [0x00000000e0000000, 0x00000000e5420000, 0x00000000f5560000)
  object space 86144K, 53% used [0x00000000e0000000,0x00000000e2d37cb8,0x00000000e5420000)
 PSPermGen       total 21248K, used 8180K [0x00000000dae00000, 0x00000000dc2c0000, 0x00000000e0000000)
  object space 21248K, 38% used [0x00000000dae00000,0x00000000db5fd320,0x00000000dc2c0000)
}
Event: 15.691 GC heap before
{Heap before GC invocations=11 (full 0):
 PSYoungGen      total 149888K, used 125088K [0x00000000f5560000, 0x0000000000000000, 0x0000000000000000)
  eden space 125056K, 100% used [0x00000000f5560000,0x00000000fcf80000,0x00000000fcf80000)
  from space 24832K, 0% used [0x00000000fe7c0000,0x00000000fe7c8000,0x0000000000000000)
  to   space 24832K, 0% used [0x00000000fcf80000,0x00000000fcf80000,0x00000000fe7c0000)
 ParOldGen       total 86144K, used 46303K [0x00000000e0000000, 0x00000000e5420000, 0x00000000f5560000)
  object space 86144K, 53% used [0x00000000e0000000,0x00000000e2d37cb8,0x00000000e5420000)
 PSPermGen       total 21248K, used 8214K [0x00000000dae00000, 0x00000000dc2c0000, 0x00000000e0000000)
  object space 21248K, 38% used [0x00000000dae00000,0x00000000db605810,0x00000000dc2c0000)
Event: 15.752 GC heap after
Heap after GC invocations=11 (full 0):
 PSYoungGen      total 125248K, used 160K [0x00000000f5560000, 0x00000000fff80000, 0x0000000000000000)
  eden space 125056K, 0% used [0x00000000f5560000,0x00000000f5560000,0x00000000fcf80000)
  from space 192K, 83% used [0x00000000fcf80000,0x00000000fcfa8000,0x00000000fcfb0000)
  to   space 24576K, 0% used [0x00000000fe780000,0x00000000fe780000,0x00000000fff80000)
 ParOldGen       total 86144K, used 46319K [0x00000000e0000000, 0x00000000e5420000, 0x00000000f5560000)
  object space 86144K, 53% used [0x00000000e0000000,0x00000000e2d3bcb8,0x00000000e5420000)
 PSPermGen       total 21248K, used 8214K [0x00000000dae00000, 0x00000000dc2c0000, 0x00000000e0000000)
  object space 21248K, 38% used [0x00000000dae00000,0x00000000db605810,0x00000000dc2c0000)
}
Event: 16.194 GC heap before
{Heap before GC invocations=12 (full 0):
 PSYoungGen      total 125248K, used 125216K [0x00000000f5560000, 0x00000000fff80000, 0x0000000000000000)
  eden space 125056K, 100% used [0x00000000f5560000,0x00000000fcf80000,0x00000000fcf80000)
  from space 192K, 83% used [0x00000000fcf80000,0x00000000fcfa8000,0x00000000fcfb0000)
  to   space 24576K, 0% used [0x00000000fe780000,0x00000000fe780000,0x00000000fff80000)
 ParOldGen       total 86144K, used 46319K [0x00000000e0000000, 0x00000000e5420000, 0x00000000f5560000)
  object space 86144K, 53% used [0x00000000e0000000,0x00000000e2d3bcb8,0x00000000e5420000)
 PSPermGen       total 21248K, used 8216K [0x00000000dae00000, 0x00000000dc2c0000, 0x00000000e0000000)
  object space 21248K, 38% used [0x00000000dae00000,0x00000000db606318,0x00000000dc2c0000)
Event: 16.274 GC heap after
Heap after GC invocations=12 (full 0):
 PSYoungGen      total 150080K, used 64K [0x00000000f5560000, 0x0000000000000000, 0x0000000000000000)
  eden space 125504K, 0% used [0x00000000f5560000,0x00000000f5560000,0x00000000fcff0000)
  from space 24576K, 0% used [0x00000000fe780000,0x00000000fe790000,0x00000000fff80000)
  to   space 24128K, 0% used [0x00000000fcff0000,0x00000000fcff0000,0x00000000fe780000)
 ParOldGen       total 86144K, used 46327K [0x00000000e0000000, 0x00000000e5420000, 0x00000000f5560000)
  object space 86144K, 53% used [0x00000000e0000000,0x00000000e2d3dcb8,0x00000000e5420000)
 PSPermGen       total 21248K, used 8216K [0x00000000dae00000, 0x00000000dc2c0000, 0x00000000e0000000)
  object space 21248K, 38% used [0x00000000dae00000,0x00000000db606318,0x00000000dc2c0000)
}
Event: 16.578 GC heap before
{Heap before GC invocations=13 (full 0):
 PSYoungGen      total 150080K, used 125568K [0x00000000f5560000, 0x0000000000000000, 0x0000000000000000)
  eden space 125504K, 100% used [0x00000000f5560000,0x00000000fcff0000,0x00000000fcff0000)
  from space 24576K, 0% used [0x00000000fe780000,0x00000000fe790000,0x00000000fff80000)
  to   space 24128K, 0% used [0x00000000fcff0000,0x00000000fcff0000,0x00000000fe780000)
 ParOldGen       total 86144K, used 46327K [0x00000000e0000000, 0x00000000e5420000, 0x00000000f5560000)
  object space 86144K, 53% used [0x00000000e0000000,0x00000000e2d3dcb8,0x00000000e5420000)
 PSPermGen       total 21248K, used 8217K [0x00000000dae00000, 0x00000000dc2c0000, 0x00000000e0000000)
  object space 21248K, 38% used [0x00000000dae00000,0x00000000db606698,0x00000000dc2c0000)
Event: 16.705 GC heap after
Heap after GC invocations=13 (full 0):
 PSYoungGen      total 125568K, used 64K [0x00000000f5560000, 0x00000000ffe50000, 0x0000000000000000)
  eden space 125504K, 0% used [0x00000000f5560000,0x00000000f5560000,0x00000000fcff0000)
  from space 64K, 100% used [0x00000000fcff0000,0x00000000fd000000,0x00000000fd000000)
  to   space 23488K, 0% used [0x00000000fe760000,0x00000000fe760000,0x00000000ffe50000)
 ParOldGen       total 86144K, used 46327K [0x00000000e0000000, 0x00000000e5420000, 0x00000000f5560000)
  object space 86144K, 53% used [0x00000000e0000000,0x00000000e2d3dcb8,0x00000000e5420000)
 PSPermGen       total 21248K, used 8217K [0x00000000dae00000, 0x00000000dc2c0000, 0x00000000e0000000)
  object space 21248K, 38% used [0x00000000dae00000,0x00000000db606698,0x00000000dc2c0000)
}
Event: 18.134 GC heap before
{Heap before GC invocations=14 (full 0):
 PSYoungGen      total 125568K, used 125568K [0x00000000f5560000, 0x00000000ffe50000, 0x0000000000000000)
  eden space 125504K, 100% used [0x00000000f5560000,0x00000000fcff0000,0x00000000fcff0000)
  from space 64K, 100% used [0x00000000fcff0000,0x00000000fd000000,0x00000000fd000000)
  to   space 23488K, 0% used [0x00000000fe760000,0x00000000fe760000,0x00000000ffe50000)
 ParOldGen       total 86144K, used 46327K [0x00000000e0000000, 0x00000000e5420000, 0x00000000f5560000)
  object space 86144K, 53% used [0x00000000e0000000,0x00000000e2d3dcb8,0x00000000e5420000)
 PSPermGen       total 21248K, used 8605K [0x00000000dae00000, 0x00000000dc2c0000, 0x00000000e0000000)
  object space 21248K, 40% used [0x00000000dae00000,0x00000000db6674b0,0x00000000dc2c0000)
Event: 18.142 GC heap after
Heap after GC invocations=14 (full 0):
 PSYoungGen      total 150912K, used 4369K [0x00000000f5560000, 0x0000000000000000, 0x0000000000000000)
  eden space 127424K, 0% used [0x00000000f5560000,0x00000000f5560000,0x00000000fd1d0000)
  from space 23488K, 18% used [0x00000000fe760000,0x00000000feba44f0,0x00000000ffe50000)
  to   space 22080K, 0% used [0x00000000fd1d0000,0x00000000fd1d0000,0x00000000fe760000)
 ParOldGen       total 86144K, used 46327K [0x00000000e0000000, 0x00000000e5420000, 0x00000000f5560000)
  object space 86144K, 53% used [0x00000000e0000000,0x00000000e2d3dcb8,0x00000000e5420000)
 PSPermGen       total 21248K, used 8605K [0x00000000dae00000, 0x00000000dc2c0000, 0x00000000e0000000)
  object space 21248K, 40% used [0x00000000dae00000,0x00000000db6674b0,0x00000000dc2c0000)
}

